<?xml version="1.0" encoding="UTF-8"?>
<!-- Generated by org.testng.reporters.JUnitXMLReporter -->
<testsuite ignored="0" hostname="Pauls-MBP.station" failures="0" tests="9" name="TestFlyAway" time="22.727" errors="0" timestamp="2024-02-21T15:43:18 GMT">
  <testcase classname="com.flyawayairlines.FlyAwayTest" name="verifyAppUrl" time="0.269"/>
  <testcase classname="com.flyawayairlines.FlyAwayTest" name="verifyRegistrationPage" time="3.573"/>
  <testcase classname="com.flyawayairlines.FlyAwayTest" name="verifyLogin" time="0.834"/>
  <testcase classname="com.flyawayairlines.FlyAwayTest" name="verifySearchFlightPage" time="2.228"/>
  <testcase classname="com.flyawayairlines.FlyAwayTest" name="verifySearchFlight" time="0.572"/>
  <testcase classname="com.flyawayairlines.FlyAwayTest" name="verifyPaymentGateway" time="0.071"/>
  <testcase classname="com.flyawayairlines.FlyAwayTest" name="verifyBookingConfirmation" time="12.202"/>
  <testcase classname="com.flyawayairlines.FlyAwayTest" name="testLoginApi" time="1.829"/>
  <testcase classname="com.flyawayairlines.FlyAwayTest" name="testSearchFlightApi" time="0.108"/>
</testsuite> <!-- TestFlyAway -->
