<?xml version="1.0" encoding="UTF-8"?>
<!-- Generated by org.testng.reporters.JUnitXMLReporter -->
<testsuite ignored="0" hostname="Pauls-MBP.station" failures="0" tests="9" name="TestFlyAway" time="22.791" errors="0" timestamp="2024-02-28T09:55:01 GMT">
  <testcase classname="com.flyawayairlines.FlyAwayTest" name="verifyAppUrl" time="0.368"/>
  <testcase classname="com.flyawayairlines.FlyAwayTest" name="verifyRegistrationPage" time="3.604"/>
  <testcase classname="com.flyawayairlines.FlyAwayTest" name="verifyLogin" time="0.558"/>
  <testcase classname="com.flyawayairlines.FlyAwayTest" name="verifySearchFlightPage" time="2.252"/>
  <testcase classname="com.flyawayairlines.FlyAwayTest" name="verifySearchFlight" time="0.481"/>
  <testcase classname="com.flyawayairlines.FlyAwayTest" name="verifyPaymentGateway" time="0.06"/>
  <testcase classname="com.flyawayairlines.FlyAwayTest" name="verifyBookingConfirmation" time="12.289"/>
  <testcase classname="com.flyawayairlines.FlyAwayTest" name="testLoginApi" time="2.093"/>
  <testcase classname="com.flyawayairlines.FlyAwayTest" name="testSearchFlightApi" time="0.133"/>
</testsuite> <!-- TestFlyAway -->
