<?xml version="1.0" encoding="UTF-8"?>
<!-- Generated by org.testng.reporters.JUnitXMLReporter -->
<testsuite ignored="0" hostname="Pauls-MBP.station" failures="0" tests="9" name="Default test" time="23.774" errors="0" timestamp="2024-02-28T11:33:44 GMT">
  <testcase classname="com.flyawayairlines.FlyAwayTest" name="verifyAppUrl" time="0.295"/>
  <testcase classname="com.flyawayairlines.FlyAwayTest" name="verifyRegistrationPage" time="6.502"/>
  <testcase classname="com.flyawayairlines.FlyAwayTest" name="verifyLogin" time="0.535"/>
  <testcase classname="com.flyawayairlines.FlyAwayTest" name="verifySearchFlightPage" time="2.276"/>
  <testcase classname="com.flyawayairlines.FlyAwayTest" name="verifySearchFlight" time="0.659"/>
  <testcase classname="com.flyawayairlines.FlyAwayTest" name="verifyPaymentGateway" time="0.048"/>
  <testcase classname="com.flyawayairlines.FlyAwayTest" name="verifyBookingConfirmation" time="12.255"/>
  <testcase classname="com.flyawayairlines.FlyAwayTest" name="testLoginApi" time="0.077"/>
  <testcase classname="com.flyawayairlines.FlyAwayTest" name="testSearchFlightApi" time="0.173"/>
</testsuite> <!-- Default test -->
