<?xml version="1.0" encoding="UTF-8"?>
<!-- Generated by org.testng.reporters.JUnitXMLReporter -->
<testsuite ignored="0" hostname="Pauls-MBP.station" failures="0" tests="9" name="Default test" time="25.97" errors="0" timestamp="2024-02-21T11:46:02 GMT">
  <testcase classname="com.flyawayairlines.FlyAwayTest" name="verifyAppUrl" time="1.649"/>
  <testcase classname="com.flyawayairlines.FlyAwayTest" name="verifyRegistrationPage" time="5.338"/>
  <testcase classname="com.flyawayairlines.FlyAwayTest" name="verifyLogin" time="0.655"/>
  <testcase classname="com.flyawayairlines.FlyAwayTest" name="verifySearchFlightPage" time="2.275"/>
  <testcase classname="com.flyawayairlines.FlyAwayTest" name="verifySearchFlight" time="0.775"/>
  <testcase classname="com.flyawayairlines.FlyAwayTest" name="verifyPaymentGateway" time="0.092"/>
  <testcase classname="com.flyawayairlines.FlyAwayTest" name="verifyBookingConfirmation" time="12.289"/>
  <testcase classname="com.flyawayairlines.FlyAwayTest" name="testLoginApi" time="1.951"/>
  <testcase classname="com.flyawayairlines.FlyAwayTest" name="testSearchFlightApi" time="0.106"/>
</testsuite> <!-- Default test -->
