<?xml version="1.0" encoding="UTF-8"?>
<testng-results ignored="0" total="9" passed="9" failed="0" skipped="0">
  <reporter-output>
    <line>
      <![CDATA[App Url verified]]>
    </line>
    <line>
      <![CDATA[Registration page verified]]>
    </line>
    <line>
      <![CDATA[New user registration verified]]>
    </line>
    <line>
      <![CDATA[Search Flight page verified]]>
    </line>
    <line>
      <![CDATA[Booking flight using source and destination verified]]>
    </line>
    <line>
      <![CDATA[Payment gateway verified]]>
    </line>
    <line>
      <![CDATA[Booking confirmed]]>
    </line>
    <line>
      <![CDATA[Login page endpoint verified]]>
    </line>
    <line>
      <![CDATA[Search Flight page endpoint verified]]>
    </line>
    <line>
      <![CDATA[Application closed]]>
    </line>
  </reporter-output>
  <suite started-at="2024-02-21T15:42:55 GMT" name="FlyAwayTestSuite" finished-at="2024-02-21T15:43:18 GMT" duration-ms="22727">
    <groups>
    </groups>
    <test started-at="2024-02-21T15:42:55 GMT" name="TestFlyAway" finished-at="2024-02-21T15:43:18 GMT" duration-ms="22727">
      <class name="com.flyawayairlines.FlyAwayTest">
        <test-method is-config="true" signature="setUp()[pri:0, instance:com.flyawayairlines.FlyAwayTest@12468a38]" started-at="2024-02-21T15:42:51 GMT" name="setUp" finished-at="2024-02-21T15:42:55 GMT" duration-ms="4702" status="PASS">
          <reporter-output>
          </reporter-output>
        </test-method> <!-- setUp -->
        <test-method signature="verifyAppUrl()[pri:0, instance:com.flyawayairlines.FlyAwayTest@12468a38]" started-at="2024-02-21T15:42:55 GMT" name="verifyAppUrl" finished-at="2024-02-21T15:42:56 GMT" duration-ms="269" status="PASS">
          <reporter-output>
            <line>
              <![CDATA[App Url verified]]>
            </line>
          </reporter-output>
        </test-method> <!-- verifyAppUrl -->
        <test-method signature="verifyRegistrationPage()[pri:1, instance:com.flyawayairlines.FlyAwayTest@12468a38]" started-at="2024-02-21T15:42:56 GMT" name="verifyRegistrationPage" finished-at="2024-02-21T15:42:59 GMT" duration-ms="3573" status="PASS">
          <reporter-output>
            <line>
              <![CDATA[Registration page verified]]>
            </line>
          </reporter-output>
        </test-method> <!-- verifyRegistrationPage -->
        <test-method signature="verifyLogin(java.lang.String,java.lang.String)[pri:2, instance:com.flyawayairlines.FlyAwayTest@12468a38]" started-at="2024-02-21T15:43:00 GMT" name="verifyLogin" data-provider="CredentialSupplier" finished-at="2024-02-21T15:43:01 GMT" duration-ms="834" status="PASS">
          <params>
            <param index="0">
              <value>
                <![CDATA[amit@amit.com]]>
              </value>
            </param>
            <param index="1">
              <value>
                <![CDATA[aaaaaa]]>
              </value>
            </param>
          </params>
          <reporter-output>
            <line>
              <![CDATA[New user registration verified]]>
            </line>
          </reporter-output>
        </test-method> <!-- verifyLogin -->
        <test-method signature="verifySearchFlightPage()[pri:3, instance:com.flyawayairlines.FlyAwayTest@12468a38]" started-at="2024-02-21T15:43:01 GMT" name="verifySearchFlightPage" finished-at="2024-02-21T15:43:03 GMT" duration-ms="2228" status="PASS">
          <reporter-output>
            <line>
              <![CDATA[Search Flight page verified]]>
            </line>
          </reporter-output>
        </test-method> <!-- verifySearchFlightPage -->
        <test-method signature="verifySearchFlight()[pri:4, instance:com.flyawayairlines.FlyAwayTest@12468a38]" started-at="2024-02-21T15:43:03 GMT" name="verifySearchFlight" finished-at="2024-02-21T15:43:04 GMT" duration-ms="572" status="PASS">
          <reporter-output>
            <line>
              <![CDATA[Booking flight using source and destination verified]]>
            </line>
          </reporter-output>
        </test-method> <!-- verifySearchFlight -->
        <test-method signature="verifyPaymentGateway()[pri:5, instance:com.flyawayairlines.FlyAwayTest@12468a38]" started-at="2024-02-21T15:43:04 GMT" name="verifyPaymentGateway" finished-at="2024-02-21T15:43:04 GMT" duration-ms="71" status="PASS">
          <reporter-output>
            <line>
              <![CDATA[Payment gateway verified]]>
            </line>
          </reporter-output>
        </test-method> <!-- verifyPaymentGateway -->
        <test-method signature="verifyBookingConfirmation()[pri:6, instance:com.flyawayairlines.FlyAwayTest@12468a38]" started-at="2024-02-21T15:43:04 GMT" name="verifyBookingConfirmation" finished-at="2024-02-21T15:43:16 GMT" duration-ms="12202" status="PASS">
          <reporter-output>
            <line>
              <![CDATA[Booking confirmed]]>
            </line>
          </reporter-output>
        </test-method> <!-- verifyBookingConfirmation -->
        <test-method signature="testLoginApi()[pri:7, instance:com.flyawayairlines.FlyAwayTest@12468a38]" started-at="2024-02-21T15:43:16 GMT" name="testLoginApi" finished-at="2024-02-21T15:43:18 GMT" duration-ms="1829" status="PASS">
          <reporter-output>
            <line>
              <![CDATA[Login page endpoint verified]]>
            </line>
          </reporter-output>
        </test-method> <!-- testLoginApi -->
        <test-method signature="testSearchFlightApi()[pri:8, instance:com.flyawayairlines.FlyAwayTest@12468a38]" started-at="2024-02-21T15:43:18 GMT" name="testSearchFlightApi" finished-at="2024-02-21T15:43:18 GMT" duration-ms="108" status="PASS">
          <reporter-output>
            <line>
              <![CDATA[Search Flight page endpoint verified]]>
            </line>
          </reporter-output>
        </test-method> <!-- testSearchFlightApi -->
        <test-method is-config="true" signature="afterSuite()[pri:0, instance:com.flyawayairlines.FlyAwayTest@12468a38]" started-at="2024-02-21T15:43:18 GMT" name="afterSuite" finished-at="2024-02-21T15:43:18 GMT" duration-ms="183" status="PASS">
          <reporter-output>
            <line>
              <![CDATA[Application closed]]>
            </line>
          </reporter-output>
        </test-method> <!-- afterSuite -->
      </class> <!-- com.flyawayairlines.FlyAwayTest -->
    </test> <!-- TestFlyAway -->
  </suite> <!-- FlyAwayTestSuite -->
</testng-results>
